DEBUG - 2026-02-22 01:18:59 --> Session: Class initialized using 'CodeIgniter\Session\Handlers\FileHandler' driver.
CRITICAL - 2026-02-22 02:15:38 --> TypeError: CodeIgniter\Router\RouteCollection::post(): Argument #3 ($options) must be of type ?array, string given, called in C:\xampp\htdocs\Movies-KachCorp\app\Config\Routes.php on line 51
[Method: GET, Route: peliculas]
in SYSTEMPATH\Router\RouteCollection.php on line 1062.
 1 APPPATH\Config\Routes.php(51): CodeIgniter\Router\RouteCollection->post('auth/login', [...], 'AuthController::login')
 2 SYSTEMPATH\Router\RouteCollection.php(799): CodeIgniter\Router\RouteCollection::{closure}(Object(CodeIgniter\Router\RouteCollection))
 3 APPPATH\Config\Routes.php(50): CodeIgniter\Router\RouteCollection->group('api', [...], Object(Closure))
 4 SYSTEMPATH\Router\RouteCollection.php(339): require('C:\\xampp\\htdocs\\Movies-KachCorp\\app\\Config\\Routes.php')
 5 SYSTEMPATH\CodeIgniter.php(821): CodeIgniter\Router\RouteCollection->loadRoutes()
 6 SYSTEMPATH\CodeIgniter.php(455): CodeIgniter\CodeIgniter->tryToRouteIt(null)
 7 SYSTEMPATH\CodeIgniter.php(354): CodeIgniter\CodeIgniter->handleRequest(null, Object(Config\Cache), false)
 8 SYSTEMPATH\Boot.php(334): CodeIgniter\CodeIgniter->run()
 9 SYSTEMPATH\Boot.php(67): CodeIgniter\Boot::runCodeIgniter(Object(CodeIgniter\CodeIgniter))
10 FCPATH\index.php(59): CodeIgniter\Boot::bootWeb(Object(Config\Paths))
CRITICAL - 2026-02-22 02:15:45 --> TypeError: CodeIgniter\Router\RouteCollection::post(): Argument #3 ($options) must be of type ?array, string given, called in C:\xampp\htdocs\Movies-KachCorp\app\Config\Routes.php on line 51
[Method: GET, Route: peliculas]
in SYSTEMPATH\Router\RouteCollection.php on line 1062.
 1 APPPATH\Config\Routes.php(51): CodeIgniter\Router\RouteCollection->post('auth/login', [...], 'AuthController::login')
 2 SYSTEMPATH\Router\RouteCollection.php(799): CodeIgniter\Router\RouteCollection::{closure}(Object(CodeIgniter\Router\RouteCollection))
 3 APPPATH\Config\Routes.php(50): CodeIgniter\Router\RouteCollection->group('api', [...], Object(Closure))
 4 SYSTEMPATH\Router\RouteCollection.php(339): require('C:\\xampp\\htdocs\\Movies-KachCorp\\app\\Config\\Routes.php')
 5 SYSTEMPATH\CodeIgniter.php(821): CodeIgniter\Router\RouteCollection->loadRoutes()
 6 SYSTEMPATH\CodeIgniter.php(455): CodeIgniter\CodeIgniter->tryToRouteIt(null)
 7 SYSTEMPATH\CodeIgniter.php(354): CodeIgniter\CodeIgniter->handleRequest(null, Object(Config\Cache), false)
 8 SYSTEMPATH\Boot.php(334): CodeIgniter\CodeIgniter->run()
 9 SYSTEMPATH\Boot.php(67): CodeIgniter\Boot::runCodeIgniter(Object(CodeIgniter\CodeIgniter))
10 FCPATH\index.php(59): CodeIgniter\Boot::bootWeb(Object(Config\Paths))
CRITICAL - 2026-02-22 02:15:54 --> TypeError: CodeIgniter\Router\RouteCollection::post(): Argument #3 ($options) must be of type ?array, string given, called in C:\xampp\htdocs\Movies-KachCorp\app\Config\Routes.php on line 48
[Method: GET, Route: peliculas]
in SYSTEMPATH\Router\RouteCollection.php on line 1062.
 1 APPPATH\Config\Routes.php(48): CodeIgniter\Router\RouteCollection->post('auth/login', [...], 'AuthController::login')
 2 SYSTEMPATH\Router\RouteCollection.php(799): CodeIgniter\Router\RouteCollection::{closure}(Object(CodeIgniter\Router\RouteCollection))
 3 APPPATH\Config\Routes.php(47): CodeIgniter\Router\RouteCollection->group('api', [...], Object(Closure))
 4 SYSTEMPATH\Router\RouteCollection.php(339): require('C:\\xampp\\htdocs\\Movies-KachCorp\\app\\Config\\Routes.php')
 5 SYSTEMPATH\CodeIgniter.php(821): CodeIgniter\Router\RouteCollection->loadRoutes()
 6 SYSTEMPATH\CodeIgniter.php(455): CodeIgniter\CodeIgniter->tryToRouteIt(null)
 7 SYSTEMPATH\CodeIgniter.php(354): CodeIgniter\CodeIgniter->handleRequest(null, Object(Config\Cache), false)
 8 SYSTEMPATH\Boot.php(334): CodeIgniter\CodeIgniter->run()
 9 SYSTEMPATH\Boot.php(67): CodeIgniter\Boot::runCodeIgniter(Object(CodeIgniter\CodeIgniter))
10 FCPATH\index.php(59): CodeIgniter\Boot::bootWeb(Object(Config\Paths))
DEBUG - 2026-02-22 02:17:21 --> Session: Class initialized using 'CodeIgniter\Session\Handlers\FileHandler' driver.
DEBUG - 2026-02-22 02:17:22 --> Session: Class initialized using 'CodeIgniter\Session\Handlers\FileHandler' driver.
DEBUG - 2026-02-22 02:26:05 --> Session: Class initialized using 'CodeIgniter\Session\Handlers\FileHandler' driver.
DEBUG - 2026-02-22 02:26:05 --> Session: Class initialized using 'CodeIgniter\Session\Handlers\FileHandler' driver.
DEBUG - 2026-02-22 02:26:08 --> Session: Class initialized using 'CodeIgniter\Session\Handlers\FileHandler' driver.
DEBUG - 2026-02-22 02:34:14 --> Session: Class initialized using 'CodeIgniter\Session\Handlers\FileHandler' driver.
DEBUG - 2026-02-22 02:35:05 --> Session: Class initialized using 'CodeIgniter\Session\Handlers\FileHandler' driver.
DEBUG - 2026-02-22 02:35:59 --> Session: Class initialized using 'CodeIgniter\Session\Handlers\FileHandler' driver.
DEBUG - 2026-02-22 02:36:53 --> Session: Class initialized using 'CodeIgniter\Session\Handlers\FileHandler' driver.
DEBUG - 2026-02-22 02:37:12 --> Session: Class initialized using 'CodeIgniter\Session\Handlers\FileHandler' driver.
DEBUG - 2026-02-22 02:37:56 --> Session: Class initialized using 'CodeIgniter\Session\Handlers\FileHandler' driver.
DEBUG - 2026-02-22 02:42:11 --> Session: Class initialized using 'CodeIgniter\Session\Handlers\FileHandler' driver.
DEBUG - 2026-02-22 02:43:21 --> Session: Class initialized using 'CodeIgniter\Session\Handlers\FileHandler' driver.
DEBUG - 2026-02-22 02:44:27 --> Session: Class initialized using 'CodeIgniter\Session\Handlers\FileHandler' driver.
DEBUG - 2026-02-22 02:45:26 --> Session: Class initialized using 'CodeIgniter\Session\Handlers\FileHandler' driver.
DEBUG - 2026-02-22 02:46:03 --> Session: Class initialized using 'CodeIgniter\Session\Handlers\FileHandler' driver.
DEBUG - 2026-02-22 02:46:14 --> Session: Class initialized using 'CodeIgniter\Session\Handlers\FileHandler' driver.
DEBUG - 2026-02-22 02:46:18 --> Session: Class initialized using 'CodeIgniter\Session\Handlers\FileHandler' driver.
DEBUG - 2026-02-22 03:01:34 --> Session: Class initialized using 'CodeIgniter\Session\Handlers\FileHandler' driver.
CRITICAL - 2026-02-22 03:01:37 --> CodeIgniter\Filters\Exceptions\FilterException: "role" filter must have a matching alias defined.
[Method: GET, Route: peliculas]
in SYSTEMPATH\Filters\Filters.php on line 590.
 1 SYSTEMPATH\Filters\Filters.php(590): CodeIgniter\Filters\Exceptions\FilterException::forNoAlias('role')
 2 SYSTEMPATH\Filters\Filters.php(641): CodeIgniter\Filters\Filters->enableFilter('role:administrador,empleado', 'before')
 3 SYSTEMPATH\CodeIgniter.php(467): CodeIgniter\Filters\Filters->enableFilters([...], 'before')
 4 SYSTEMPATH\CodeIgniter.php(354): CodeIgniter\CodeIgniter->handleRequest(null, Object(Config\Cache), false)
 5 SYSTEMPATH\Boot.php(334): CodeIgniter\CodeIgniter->run()
 6 SYSTEMPATH\Boot.php(67): CodeIgniter\Boot::runCodeIgniter(Object(CodeIgniter\CodeIgniter))
 7 FCPATH\index.php(59): CodeIgniter\Boot::bootWeb(Object(Config\Paths))
DEBUG - 2026-02-22 03:03:08 --> Session: Class initialized using 'CodeIgniter\Session\Handlers\FileHandler' driver.
DEBUG - 2026-02-22 03:03:56 --> Session: Class initialized using 'CodeIgniter\Session\Handlers\FileHandler' driver.
DEBUG - 2026-02-22 03:11:29 --> Session: Class initialized using 'CodeIgniter\Session\Handlers\FileHandler' driver.
DEBUG - 2026-02-22 03:11:32 --> Session: Class initialized using 'CodeIgniter\Session\Handlers\FileHandler' driver.
DEBUG - 2026-02-22 03:11:32 --> Session: Class initialized using 'CodeIgniter\Session\Handlers\FileHandler' driver.
DEBUG - 2026-02-22 03:11:34 --> Session: Class initialized using 'CodeIgniter\Session\Handlers\FileHandler' driver.
DEBUG - 2026-02-22 03:11:34 --> Session: Class initialized using 'CodeIgniter\Session\Handlers\FileHandler' driver.
DEBUG - 2026-02-22 03:13:56 --> Session: Class initialized using 'CodeIgniter\Session\Handlers\FileHandler' driver.
DEBUG - 2026-02-22 03:14:04 --> Session: Class initialized using 'CodeIgniter\Session\Handlers\FileHandler' driver.
DEBUG - 2026-02-22 03:14:04 --> Session: Class initialized using 'CodeIgniter\Session\Handlers\FileHandler' driver.
DEBUG - 2026-02-22 03:14:10 --> Session: Class initialized using 'CodeIgniter\Session\Handlers\FileHandler' driver.
DEBUG - 2026-02-22 03:14:10 --> Session: Class initialized using 'CodeIgniter\Session\Handlers\FileHandler' driver.
DEBUG - 2026-02-22 03:15:34 --> Session: Class initialized using 'CodeIgniter\Session\Handlers\FileHandler' driver.
DEBUG - 2026-02-22 03:15:37 --> Session: Class initialized using 'CodeIgniter\Session\Handlers\FileHandler' driver.
DEBUG - 2026-02-22 03:15:37 --> Session: Class initialized using 'CodeIgniter\Session\Handlers\FileHandler' driver.
DEBUG - 2026-02-22 03:15:42 --> Session: Class initialized using 'CodeIgniter\Session\Handlers\FileHandler' driver.
DEBUG - 2026-02-22 03:15:42 --> Session: Class initialized using 'CodeIgniter\Session\Handlers\FileHandler' driver.
DEBUG - 2026-02-22 03:29:41 --> Session: Class initialized using 'CodeIgniter\Session\Handlers\FileHandler' driver.
DEBUG - 2026-02-22 03:31:24 --> Session: Class initialized using 'CodeIgniter\Session\Handlers\FileHandler' driver.
DEBUG - 2026-02-22 03:31:45 --> Session: Class initialized using 'CodeIgniter\Session\Handlers\FileHandler' driver.
DEBUG - 2026-02-22 03:31:59 --> Session: Class initialized using 'CodeIgniter\Session\Handlers\FileHandler' driver.
DEBUG - 2026-02-22 03:32:15 --> Session: Class initialized using 'CodeIgniter\Session\Handlers\FileHandler' driver.
DEBUG - 2026-02-22 03:32:26 --> Session: Class initialized using 'CodeIgniter\Session\Handlers\FileHandler' driver.
DEBUG - 2026-02-22 03:32:34 --> Session: Class initialized using 'CodeIgniter\Session\Handlers\FileHandler' driver.
DEBUG - 2026-02-22 03:32:42 --> Session: Class initialized using 'CodeIgniter\Session\Handlers\FileHandler' driver.
DEBUG - 2026-02-22 03:32:45 --> Session: Class initialized using 'CodeIgniter\Session\Handlers\FileHandler' driver.
DEBUG - 2026-02-22 03:32:48 --> Session: Class initialized using 'CodeIgniter\Session\Handlers\FileHandler' driver.
DEBUG - 2026-02-22 03:32:55 --> Session: Class initialized using 'CodeIgniter\Session\Handlers\FileHandler' driver.
DEBUG - 2026-02-22 03:33:07 --> Session: Class initialized using 'CodeIgniter\Session\Handlers\FileHandler' driver.
DEBUG - 2026-02-22 03:33:07 --> Session: Class initialized using 'CodeIgniter\Session\Handlers\FileHandler' driver.
DEBUG - 2026-02-22 03:33:24 --> Session: Class initialized using 'CodeIgniter\Session\Handlers\FileHandler' driver.
DEBUG - 2026-02-22 03:33:24 --> Session: Class initialized using 'CodeIgniter\Session\Handlers\FileHandler' driver.
DEBUG - 2026-02-22 03:33:38 --> Session: Class initialized using 'CodeIgniter\Session\Handlers\FileHandler' driver.
DEBUG - 2026-02-22 03:33:38 --> Session: Class initialized using 'CodeIgniter\Session\Handlers\FileHandler' driver.
DEBUG - 2026-02-22 03:33:38 --> Session: Class initialized using 'CodeIgniter\Session\Handlers\FileHandler' driver.
DEBUG - 2026-02-22 03:33:45 --> Session: Class initialized using 'CodeIgniter\Session\Handlers\FileHandler' driver.
DEBUG - 2026-02-22 03:33:45 --> Session: Class initialized using 'CodeIgniter\Session\Handlers\FileHandler' driver.
DEBUG - 2026-02-22 03:33:45 --> Session: Class initialized using 'CodeIgniter\Session\Handlers\FileHandler' driver.
DEBUG - 2026-02-22 03:33:56 --> Session: Class initialized using 'CodeIgniter\Session\Handlers\FileHandler' driver.
DEBUG - 2026-02-22 03:33:57 --> Session: Class initialized using 'CodeIgniter\Session\Handlers\FileHandler' driver.
DEBUG - 2026-02-22 03:33:57 --> Session: Class initialized using 'CodeIgniter\Session\Handlers\FileHandler' driver.
DEBUG - 2026-02-22 03:34:04 --> Session: Class initialized using 'CodeIgniter\Session\Handlers\FileHandler' driver.
DEBUG - 2026-02-22 03:34:04 --> Session: Class initialized using 'CodeIgniter\Session\Handlers\FileHandler' driver.
DEBUG - 2026-02-22 03:34:04 --> Session: Class initialized using 'CodeIgniter\Session\Handlers\FileHandler' driver.
DEBUG - 2026-02-22 03:34:35 --> Session: Class initialized using 'CodeIgniter\Session\Handlers\FileHandler' driver.
DEBUG - 2026-02-22 03:34:35 --> Session: Class initialized using 'CodeIgniter\Session\Handlers\FileHandler' driver.
DEBUG - 2026-02-22 03:34:35 --> Session: Class initialized using 'CodeIgniter\Session\Handlers\FileHandler' driver.
DEBUG - 2026-02-22 03:45:53 --> Session: Class initialized using 'CodeIgniter\Session\Handlers\FileHandler' driver.
ERROR - 2026-02-22 03:45:57 --> mysqli_sql_exception: You have an error in your SQL syntax; check the manual that corresponds to your MariaDB server version for the right syntax to use near '@gmail.com
ORDER BY `usr`.`usuarioId` DESC
 LIMIT 1' at line 7 in C:\xampp\htdocs\Movies-KachCorp\vendor\codeigniter4\framework\system\Database\MySQLi\Connection.php:327
Stack trace:
#0 C:\xampp\htdocs\Movies-KachCorp\vendor\codeigniter4\framework\system\Database\MySQLi\Connection.php(327): mysqli->query('SELECT `usr`.`u...', 0)
#1 C:\xampp\htdocs\Movies-KachCorp\vendor\codeigniter4\framework\system\Database\BaseConnection.php(738): CodeIgniter\Database\MySQLi\Connection->execute('SELECT `usr`.`u...')
#2 C:\xampp\htdocs\Movies-KachCorp\vendor\codeigniter4\framework\system\Database\BaseConnection.php(652): CodeIgniter\Database\BaseConnection->simpleQuery('SELECT `usr`.`u...')
#3 C:\xampp\htdocs\Movies-KachCorp\vendor\codeigniter4\framework\system\Database\BaseBuilder.php(1649): CodeIgniter\Database\BaseConnection->query('SELECT `usr`.`u...', Array, false)
#4 C:\xampp\htdocs\Movies-KachCorp\app\Controllers\AccesoController.php(71): CodeIgniter\Database\BaseBuilder->get(1)
#5 C:\xampp\htdocs\Movies-KachCorp\vendor\codeigniter4\framework\system\CodeIgniter.php(933): App\Controllers\AccesoController->login()
#6 C:\xampp\htdocs\Movies-KachCorp\vendor\codeigniter4\framework\system\CodeIgniter.php(507): CodeIgniter\CodeIgniter->runController(Object(App\Controllers\AccesoController))
#7 C:\xampp\htdocs\Movies-KachCorp\vendor\codeigniter4\framework\system\CodeIgniter.php(354): CodeIgniter\CodeIgniter->handleRequest(NULL, Object(Config\Cache), false)
#8 C:\xampp\htdocs\Movies-KachCorp\vendor\codeigniter4\framework\system\Boot.php(334): CodeIgniter\CodeIgniter->run()
#9 C:\xampp\htdocs\Movies-KachCorp\vendor\codeigniter4\framework\system\Boot.php(67): CodeIgniter\Boot::runCodeIgniter(Object(CodeIgniter\CodeIgniter))
#10 C:\xampp\htdocs\Movies-KachCorp\public\index.php(59): CodeIgniter\Boot::bootWeb(Object(Config\Paths))
#11 {main}
CRITICAL - 2026-02-22 03:45:57 --> CodeIgniter\Database\Exceptions\DatabaseException: You have an error in your SQL syntax; check the manual that corresponds to your MariaDB server version for the right syntax to use near '@gmail.com
ORDER BY `usr`.`usuarioId` DESC
 LIMIT 1' at line 7
[Method: POST, Route: acceso/login]
in SYSTEMPATH\Database\BaseConnection.php on line 692.
 1 SYSTEMPATH\Database\BaseBuilder.php(1649): CodeIgniter\Database\BaseConnection->query('SELECT `usr`.`usuarioId`, `usr`.`usuario_nombre`, `usr`.`usuario_Contrasena`, `usr`.`usuario_Activo`, `usr`.`personaId`, `usr`.`imageId`, `per`.`persona_Nombre`, `per`.`persona_ApllP`, `per`.`persona_ApllM`, `cont`.`contacto_Valor` AS `correo`, `img`.`image_Url` AS `imageUrl`
FROM `tbl_rel_usuario` `usr`
INNER JOIN `tbl_ope_persona` `per` ON `per`.`personaId` = `usr`.`personaId`
LEFT JOIN `tbl_ope_image` `img` ON `img`.`imageId` = `usr`.`imageId` AND `img`.`image_Activo` = 1
INNER JOIN `tbl_rel_contacto` `cont` ON `cont`.`personaId` = `per`.`personaId` AND `cont`.`tipocontactoId` = 1 AND `cont`.`contacto_Activo` = 1
WHERE `usr`.`usuario_Activo` = :usr.usuario_Activo:
AND LOWER(TRIM(cont.contacto_Valor)) = :LOWER(TRIM(cont.contacto_Valor)):
ORDER BY `usr`.`usuarioId` DESC
 LIMIT 1', [...], false)
 2 APPPATH\Controllers\AccesoController.php(71): CodeIgniter\Database\BaseBuilder->get(1)
 3 SYSTEMPATH\CodeIgniter.php(933): App\Controllers\AccesoController->login()
 4 SYSTEMPATH\CodeIgniter.php(507): CodeIgniter\CodeIgniter->runController(Object(App\Controllers\AccesoController))
 5 SYSTEMPATH\CodeIgniter.php(354): CodeIgniter\CodeIgniter->handleRequest(null, Object(Config\Cache), false)
 6 SYSTEMPATH\Boot.php(334): CodeIgniter\CodeIgniter->run()
 7 SYSTEMPATH\Boot.php(67): CodeIgniter\Boot::runCodeIgniter(Object(CodeIgniter\CodeIgniter))
 8 FCPATH\index.php(59): CodeIgniter\Boot::bootWeb(Object(Config\Paths))
CRITICAL - 2026-02-22 03:45:57 --> [Caused by] CodeIgniter\Database\Exceptions\DatabaseException: You have an error in your SQL syntax; check the manual that corresponds to your MariaDB server version for the right syntax to use near '@gmail.com
ORDER BY `usr`.`usuarioId` DESC
 LIMIT 1' at line 7
in SYSTEMPATH\Database\MySQLi\Connection.php on line 332.
 1 SYSTEMPATH\Database\BaseConnection.php(738): CodeIgniter\Database\MySQLi\Connection->execute('SELECT `usr`.`usuarioId`, `usr`.`usuario_nombre`, `usr`.`usuario_Contrasena`, `usr`.`usuario_Activo`, `usr`.`personaId`, `usr`.`imageId`, `per`.`persona_Nombre`, `per`.`persona_ApllP`, `per`.`persona_ApllM`, `cont`.`contacto_Valor` AS `correo`, `img`.`image_Url` AS `imageUrl`
FROM `tbl_rel_usuario` `usr`
INNER JOIN `tbl_ope_persona` `per` ON `per`.`personaId` = `usr`.`personaId`
LEFT JOIN `tbl_ope_image` `img` ON `img`.`imageId` = `usr`.`imageId` AND `img`.`image_Activo` = 1
INNER JOIN `tbl_rel_contacto` `cont` ON `cont`.`personaId` = `per`.`personaId` AND `cont`.`tipocontactoId` = 1 AND `cont`.`contacto_Activo` = 1
WHERE `usr`.`usuario_Activo` = 1
AND LOWER(TRIM(cont.contacto_Valor)) = tg8189041@gmail.com
ORDER BY `usr`.`usuarioId` DESC
 LIMIT 1')
 2 SYSTEMPATH\Database\BaseConnection.php(652): CodeIgniter\Database\BaseConnection->simpleQuery('SELECT `usr`.`usuarioId`, `usr`.`usuario_nombre`, `usr`.`usuario_Contrasena`, `usr`.`usuario_Activo`, `usr`.`personaId`, `usr`.`imageId`, `per`.`persona_Nombre`, `per`.`persona_ApllP`, `per`.`persona_ApllM`, `cont`.`contacto_Valor` AS `correo`, `img`.`image_Url` AS `imageUrl`
FROM `tbl_rel_usuario` `usr`
INNER JOIN `tbl_ope_persona` `per` ON `per`.`personaId` = `usr`.`personaId`
LEFT JOIN `tbl_ope_image` `img` ON `img`.`imageId` = `usr`.`imageId` AND `img`.`image_Activo` = 1
INNER JOIN `tbl_rel_contacto` `cont` ON `cont`.`personaId` = `per`.`personaId` AND `cont`.`tipocontactoId` = 1 AND `cont`.`contacto_Activo` = 1
WHERE `usr`.`usuario_Activo` = 1
AND LOWER(TRIM(cont.contacto_Valor)) = tg8189041@gmail.com
ORDER BY `usr`.`usuarioId` DESC
 LIMIT 1')
 3 SYSTEMPATH\Database\BaseBuilder.php(1649): CodeIgniter\Database\BaseConnection->query('SELECT `usr`.`usuarioId`, `usr`.`usuario_nombre`, `usr`.`usuario_Contrasena`, `usr`.`usuario_Activo`, `usr`.`personaId`, `usr`.`imageId`, `per`.`persona_Nombre`, `per`.`persona_ApllP`, `per`.`persona_ApllM`, `cont`.`contacto_Valor` AS `correo`, `img`.`image_Url` AS `imageUrl`
FROM `tbl_rel_usuario` `usr`
INNER JOIN `tbl_ope_persona` `per` ON `per`.`personaId` = `usr`.`personaId`
LEFT JOIN `tbl_ope_image` `img` ON `img`.`imageId` = `usr`.`imageId` AND `img`.`image_Activo` = 1
INNER JOIN `tbl_rel_contacto` `cont` ON `cont`.`personaId` = `per`.`personaId` AND `cont`.`tipocontactoId` = 1 AND `cont`.`contacto_Activo` = 1
WHERE `usr`.`usuario_Activo` = :usr.usuario_Activo:
AND LOWER(TRIM(cont.contacto_Valor)) = :LOWER(TRIM(cont.contacto_Valor)):
ORDER BY `usr`.`usuarioId` DESC
 LIMIT 1', [...], false)
 4 APPPATH\Controllers\AccesoController.php(71): CodeIgniter\Database\BaseBuilder->get(1)
 5 SYSTEMPATH\CodeIgniter.php(933): App\Controllers\AccesoController->login()
 6 SYSTEMPATH\CodeIgniter.php(507): CodeIgniter\CodeIgniter->runController(Object(App\Controllers\AccesoController))
 7 SYSTEMPATH\CodeIgniter.php(354): CodeIgniter\CodeIgniter->handleRequest(null, Object(Config\Cache), false)
 8 SYSTEMPATH\Boot.php(334): CodeIgniter\CodeIgniter->run()
 9 SYSTEMPATH\Boot.php(67): CodeIgniter\Boot::runCodeIgniter(Object(CodeIgniter\CodeIgniter))
10 FCPATH\index.php(59): CodeIgniter\Boot::bootWeb(Object(Config\Paths))
CRITICAL - 2026-02-22 03:45:57 --> [Caused by] mysqli_sql_exception: You have an error in your SQL syntax; check the manual that corresponds to your MariaDB server version for the right syntax to use near '@gmail.com
ORDER BY `usr`.`usuarioId` DESC
 LIMIT 1' at line 7
in SYSTEMPATH\Database\MySQLi\Connection.php on line 327.
 1 SYSTEMPATH\Database\MySQLi\Connection.php(327): mysqli->query('SELECT `usr`.`usuarioId`, `usr`.`usuario_nombre`, `usr`.`usuario_Contrasena`, `usr`.`usuario_Activo`, `usr`.`personaId`, `usr`.`imageId`, `per`.`persona_Nombre`, `per`.`persona_ApllP`, `per`.`persona_ApllM`, `cont`.`contacto_Valor` AS `correo`, `img`.`image_Url` AS `imageUrl`
FROM `tbl_rel_usuario` `usr`
INNER JOIN `tbl_ope_persona` `per` ON `per`.`personaId` = `usr`.`personaId`
LEFT JOIN `tbl_ope_image` `img` ON `img`.`imageId` = `usr`.`imageId` AND `img`.`image_Activo` = 1
INNER JOIN `tbl_rel_contacto` `cont` ON `cont`.`personaId` = `per`.`personaId` AND `cont`.`tipocontactoId` = 1 AND `cont`.`contacto_Activo` = 1
WHERE `usr`.`usuario_Activo` = 1
AND LOWER(TRIM(cont.contacto_Valor)) = tg8189041@gmail.com
ORDER BY `usr`.`usuarioId` DESC
 LIMIT 1', 0)
 2 SYSTEMPATH\Database\BaseConnection.php(738): CodeIgniter\Database\MySQLi\Connection->execute('SELECT `usr`.`usuarioId`, `usr`.`usuario_nombre`, `usr`.`usuario_Contrasena`, `usr`.`usuario_Activo`, `usr`.`personaId`, `usr`.`imageId`, `per`.`persona_Nombre`, `per`.`persona_ApllP`, `per`.`persona_ApllM`, `cont`.`contacto_Valor` AS `correo`, `img`.`image_Url` AS `imageUrl`
FROM `tbl_rel_usuario` `usr`
INNER JOIN `tbl_ope_persona` `per` ON `per`.`personaId` = `usr`.`personaId`
LEFT JOIN `tbl_ope_image` `img` ON `img`.`imageId` = `usr`.`imageId` AND `img`.`image_Activo` = 1
INNER JOIN `tbl_rel_contacto` `cont` ON `cont`.`personaId` = `per`.`personaId` AND `cont`.`tipocontactoId` = 1 AND `cont`.`contacto_Activo` = 1
WHERE `usr`.`usuario_Activo` = 1
AND LOWER(TRIM(cont.contacto_Valor)) = tg8189041@gmail.com
ORDER BY `usr`.`usuarioId` DESC
 LIMIT 1')
 3 SYSTEMPATH\Database\BaseConnection.php(652): CodeIgniter\Database\BaseConnection->simpleQuery('SELECT `usr`.`usuarioId`, `usr`.`usuario_nombre`, `usr`.`usuario_Contrasena`, `usr`.`usuario_Activo`, `usr`.`personaId`, `usr`.`imageId`, `per`.`persona_Nombre`, `per`.`persona_ApllP`, `per`.`persona_ApllM`, `cont`.`contacto_Valor` AS `correo`, `img`.`image_Url` AS `imageUrl`
FROM `tbl_rel_usuario` `usr`
INNER JOIN `tbl_ope_persona` `per` ON `per`.`personaId` = `usr`.`personaId`
LEFT JOIN `tbl_ope_image` `img` ON `img`.`imageId` = `usr`.`imageId` AND `img`.`image_Activo` = 1
INNER JOIN `tbl_rel_contacto` `cont` ON `cont`.`personaId` = `per`.`personaId` AND `cont`.`tipocontactoId` = 1 AND `cont`.`contacto_Activo` = 1
WHERE `usr`.`usuario_Activo` = 1
AND LOWER(TRIM(cont.contacto_Valor)) = tg8189041@gmail.com
ORDER BY `usr`.`usuarioId` DESC
 LIMIT 1')
 4 SYSTEMPATH\Database\BaseBuilder.php(1649): CodeIgniter\Database\BaseConnection->query('SELECT `usr`.`usuarioId`, `usr`.`usuario_nombre`, `usr`.`usuario_Contrasena`, `usr`.`usuario_Activo`, `usr`.`personaId`, `usr`.`imageId`, `per`.`persona_Nombre`, `per`.`persona_ApllP`, `per`.`persona_ApllM`, `cont`.`contacto_Valor` AS `correo`, `img`.`image_Url` AS `imageUrl`
FROM `tbl_rel_usuario` `usr`
INNER JOIN `tbl_ope_persona` `per` ON `per`.`personaId` = `usr`.`personaId`
LEFT JOIN `tbl_ope_image` `img` ON `img`.`imageId` = `usr`.`imageId` AND `img`.`image_Activo` = 1
INNER JOIN `tbl_rel_contacto` `cont` ON `cont`.`personaId` = `per`.`personaId` AND `cont`.`tipocontactoId` = 1 AND `cont`.`contacto_Activo` = 1
WHERE `usr`.`usuario_Activo` = :usr.usuario_Activo:
AND LOWER(TRIM(cont.contacto_Valor)) = :LOWER(TRIM(cont.contacto_Valor)):
ORDER BY `usr`.`usuarioId` DESC
 LIMIT 1', [...], false)
 5 APPPATH\Controllers\AccesoController.php(71): CodeIgniter\Database\BaseBuilder->get(1)
 6 SYSTEMPATH\CodeIgniter.php(933): App\Controllers\AccesoController->login()
 7 SYSTEMPATH\CodeIgniter.php(507): CodeIgniter\CodeIgniter->runController(Object(App\Controllers\AccesoController))
 8 SYSTEMPATH\CodeIgniter.php(354): CodeIgniter\CodeIgniter->handleRequest(null, Object(Config\Cache), false)
 9 SYSTEMPATH\Boot.php(334): CodeIgniter\CodeIgniter->run()
10 SYSTEMPATH\Boot.php(67): CodeIgniter\Boot::runCodeIgniter(Object(CodeIgniter\CodeIgniter))
11 FCPATH\index.php(59): CodeIgniter\Boot::bootWeb(Object(Config\Paths))
DEBUG - 2026-02-22 03:48:24 --> Session: Class initialized using 'CodeIgniter\Session\Handlers\FileHandler' driver.
DEBUG - 2026-02-22 03:48:24 --> Session: Class initialized using 'CodeIgniter\Session\Handlers\FileHandler' driver.
DEBUG - 2026-02-22 03:48:32 --> Session: Class initialized using 'CodeIgniter\Session\Handlers\FileHandler' driver.
DEBUG - 2026-02-22 03:48:42 --> Session: Class initialized using 'CodeIgniter\Session\Handlers\FileHandler' driver.
DEBUG - 2026-02-22 03:48:50 --> Session: Class initialized using 'CodeIgniter\Session\Handlers\FileHandler' driver.
DEBUG - 2026-02-22 03:49:13 --> Session: Class initialized using 'CodeIgniter\Session\Handlers\FileHandler' driver.
DEBUG - 2026-02-22 03:49:25 --> Session: Class initialized using 'CodeIgniter\Session\Handlers\FileHandler' driver.
DEBUG - 2026-02-22 03:49:25 --> Session: Class initialized using 'CodeIgniter\Session\Handlers\FileHandler' driver.
DEBUG - 2026-02-22 03:49:27 --> Session: Class initialized using 'CodeIgniter\Session\Handlers\FileHandler' driver.
DEBUG - 2026-02-22 03:49:29 --> Session: Class initialized using 'CodeIgniter\Session\Handlers\FileHandler' driver.
DEBUG - 2026-02-22 03:49:32 --> Session: Class initialized using 'CodeIgniter\Session\Handlers\FileHandler' driver.
DEBUG - 2026-02-22 03:49:34 --> Session: Class initialized using 'CodeIgniter\Session\Handlers\FileHandler' driver.
DEBUG - 2026-02-22 03:49:37 --> Session: Class initialized using 'CodeIgniter\Session\Handlers\FileHandler' driver.
DEBUG - 2026-02-22 03:49:37 --> Session: Class initialized using 'CodeIgniter\Session\Handlers\FileHandler' driver.
DEBUG - 2026-02-22 03:49:41 --> Session: Class initialized using 'CodeIgniter\Session\Handlers\FileHandler' driver.
DEBUG - 2026-02-22 03:49:41 --> Session: Class initialized using 'CodeIgniter\Session\Handlers\FileHandler' driver.
DEBUG - 2026-02-22 03:49:43 --> Session: Class initialized using 'CodeIgniter\Session\Handlers\FileHandler' driver.
DEBUG - 2026-02-22 03:49:43 --> Session: Class initialized using 'CodeIgniter\Session\Handlers\FileHandler' driver.
DEBUG - 2026-02-22 03:49:47 --> Session: Class initialized using 'CodeIgniter\Session\Handlers\FileHandler' driver.
DEBUG - 2026-02-22 03:49:47 --> Session: Class initialized using 'CodeIgniter\Session\Handlers\FileHandler' driver.
DEBUG - 2026-02-22 03:49:50 --> Session: Class initialized using 'CodeIgniter\Session\Handlers\FileHandler' driver.
DEBUG - 2026-02-22 03:49:50 --> Session: Class initialized using 'CodeIgniter\Session\Handlers\FileHandler' driver.
DEBUG - 2026-02-22 03:50:16 --> Session: Class initialized using 'CodeIgniter\Session\Handlers\FileHandler' driver.
DEBUG - 2026-02-22 03:50:20 --> Session: Class initialized using 'CodeIgniter\Session\Handlers\FileHandler' driver.
DEBUG - 2026-02-22 03:50:23 --> Session: Class initialized using 'CodeIgniter\Session\Handlers\FileHandler' driver.
DEBUG - 2026-02-22 03:50:23 --> Session: Class initialized using 'CodeIgniter\Session\Handlers\FileHandler' driver.
DEBUG - 2026-02-22 03:50:27 --> Session: Class initialized using 'CodeIgniter\Session\Handlers\FileHandler' driver.
DEBUG - 2026-02-22 03:57:26 --> Session: Class initialized using 'CodeIgniter\Session\Handlers\FileHandler' driver.
CRITICAL - 2026-02-22 03:57:27 --> ErrorException: Undefined variable $hasRole
[Method: GET, Route: /]
in APPPATH\Views\layout\NavBar.php on line 75.
 1 APPPATH\Views\layout\NavBar.php(75): CodeIgniter\Debug\Exceptions->errorHandler(2, 'Undefined variable $hasRole', 'C:\\xampp\\htdocs\\Movies-KachCorp\\app\\Views\\layout\\NavBar.php', 75)
 2 SYSTEMPATH\View\View.php(224): include('C:\\xampp\\htdocs\\Movies-KachCorp\\app\\Views\\layout\\NavBar.php')
 3 SYSTEMPATH\View\View.php(227): CodeIgniter\View\View->CodeIgniter\View\{closure}()
 4 SYSTEMPATH\View\View.php(475): CodeIgniter\View\View->render('layout/NavBar', null, true)
 5 APPPATH\Views\inicio\inicio.php(228): CodeIgniter\View\View->include('layout/NavBar')
 6 SYSTEMPATH\View\View.php(224): include('C:\\xampp\\htdocs\\Movies-KachCorp\\app\\Views\\inicio\\inicio.php')
 7 SYSTEMPATH\View\View.php(227): CodeIgniter\View\View->CodeIgniter\View\{closure}()
 8 SYSTEMPATH\Common.php(1173): CodeIgniter\View\View->render('inicio/inicio', [], true)
 9 APPPATH\Controllers\Home.php(76): view('inicio/inicio', [...])
10 SYSTEMPATH\CodeIgniter.php(933): App\Controllers\Home->index()
11 SYSTEMPATH\CodeIgniter.php(507): CodeIgniter\CodeIgniter->runController(Object(App\Controllers\Home))
12 SYSTEMPATH\CodeIgniter.php(354): CodeIgniter\CodeIgniter->handleRequest(null, Object(Config\Cache), false)
13 SYSTEMPATH\Boot.php(334): CodeIgniter\CodeIgniter->run()
14 SYSTEMPATH\Boot.php(67): CodeIgniter\Boot::runCodeIgniter(Object(CodeIgniter\CodeIgniter))
15 FCPATH\index.php(59): CodeIgniter\Boot::bootWeb(Object(Config\Paths))
DEBUG - 2026-02-22 03:58:59 --> Session: Class initialized using 'CodeIgniter\Session\Handlers\FileHandler' driver.
DEBUG - 2026-02-22 03:59:31 --> Session: Class initialized using 'CodeIgniter\Session\Handlers\FileHandler' driver.
DEBUG - 2026-02-22 03:59:48 --> Session: Class initialized using 'CodeIgniter\Session\Handlers\FileHandler' driver.
DEBUG - 2026-02-22 03:59:51 --> Session: Class initialized using 'CodeIgniter\Session\Handlers\FileHandler' driver.
DEBUG - 2026-02-22 03:59:52 --> Session: Class initialized using 'CodeIgniter\Session\Handlers\FileHandler' driver.
DEBUG - 2026-02-22 04:11:01 --> Session: Class initialized using 'CodeIgniter\Session\Handlers\FileHandler' driver.
DEBUG - 2026-02-22 04:11:04 --> Session: Class initialized using 'CodeIgniter\Session\Handlers\FileHandler' driver.
DEBUG - 2026-02-22 04:29:38 --> Session: Class initialized using 'CodeIgniter\Session\Handlers\FileHandler' driver.
DEBUG - 2026-02-22 05:19:26 --> Session: Class initialized using 'CodeIgniter\Session\Handlers\FileHandler' driver.
DEBUG - 2026-02-22 05:19:27 --> Session: Class initialized using 'CodeIgniter\Session\Handlers\FileHandler' driver.
DEBUG - 2026-02-22 05:19:31 --> Session: Class initialized using 'CodeIgniter\Session\Handlers\FileHandler' driver.
DEBUG - 2026-02-22 05:19:31 --> Session: Class initialized using 'CodeIgniter\Session\Handlers\FileHandler' driver.
DEBUG - 2026-02-22 05:19:35 --> Session: Class initialized using 'CodeIgniter\Session\Handlers\FileHandler' driver.
DEBUG - 2026-02-22 05:19:35 --> Session: Class initialized using 'CodeIgniter\Session\Handlers\FileHandler' driver.
DEBUG - 2026-02-22 05:19:40 --> Session: Class initialized using 'CodeIgniter\Session\Handlers\FileHandler' driver.
DEBUG - 2026-02-22 05:20:32 --> Session: Class initialized using 'CodeIgniter\Session\Handlers\FileHandler' driver.
DEBUG - 2026-02-22 05:20:34 --> Session: Class initialized using 'CodeIgniter\Session\Handlers\FileHandler' driver.
DEBUG - 2026-02-22 05:46:04 --> Session: Class initialized using 'CodeIgniter\Session\Handlers\FileHandler' driver.
DEBUG - 2026-02-22 05:46:04 --> Session: Class initialized using 'CodeIgniter\Session\Handlers\FileHandler' driver.
DEBUG - 2026-02-22 05:46:07 --> Session: Class initialized using 'CodeIgniter\Session\Handlers\FileHandler' driver.
DEBUG - 2026-02-22 05:46:35 --> Session: Class initialized using 'CodeIgniter\Session\Handlers\FileHandler' driver.
DEBUG - 2026-02-22 05:46:37 --> Session: Class initialized using 'CodeIgniter\Session\Handlers\FileHandler' driver.
DEBUG - 2026-02-22 05:52:09 --> Session: Class initialized using 'CodeIgniter\Session\Handlers\FileHandler' driver.
DEBUG - 2026-02-22 05:52:09 --> Session: Class initialized using 'CodeIgniter\Session\Handlers\FileHandler' driver.
DEBUG - 2026-02-22 06:01:09 --> Session: Class initialized using 'CodeIgniter\Session\Handlers\FileHandler' driver.
DEBUG - 2026-02-22 06:01:09 --> Session: Class initialized using 'CodeIgniter\Session\Handlers\FileHandler' driver.
DEBUG - 2026-02-22 06:01:15 --> Session: Class initialized using 'CodeIgniter\Session\Handlers\FileHandler' driver.
DEBUG - 2026-02-22 06:01:15 --> Session: Class initialized using 'CodeIgniter\Session\Handlers\FileHandler' driver.
DEBUG - 2026-02-22 06:01:19 --> Session: Class initialized using 'CodeIgniter\Session\Handlers\FileHandler' driver.
DEBUG - 2026-02-22 06:01:19 --> Session: Class initialized using 'CodeIgniter\Session\Handlers\FileHandler' driver.
DEBUG - 2026-02-22 06:01:23 --> Session: Class initialized using 'CodeIgniter\Session\Handlers\FileHandler' driver.
DEBUG - 2026-02-22 06:01:23 --> Session: Class initialized using 'CodeIgniter\Session\Handlers\FileHandler' driver.
DEBUG - 2026-02-22 06:05:31 --> Session: Class initialized using 'CodeIgniter\Session\Handlers\FileHandler' driver.
DEBUG - 2026-02-22 06:05:34 --> Session: Class initialized using 'CodeIgniter\Session\Handlers\FileHandler' driver.
DEBUG - 2026-02-22 06:06:05 --> Session: Class initialized using 'CodeIgniter\Session\Handlers\FileHandler' driver.
DEBUG - 2026-02-22 06:06:07 --> Session: Class initialized using 'CodeIgniter\Session\Handlers\FileHandler' driver.
